INFO : created employee : Tanvir Chowdhury - tanvir.chowdhury@gmail.com
INFO : created employee : Tanim Chowdhury - tanim.chowdhury@gmail.com
INFO : root : created employee : Tanvir Chowdhury - tanvir.chowdhury@gmail.com
INFO : root : created employee : Tanim Chowdhury - tanim.chowdhury@gmail.com
1607769134.783050 : INFO : root : created employee : Tanvir Chowdhury - tanvir.chowdhury@gmail.com
1607769134.783169 : INFO : root : created employee : Tanim Chowdhury - tanim.chowdhury@gmail.com
py_logging.py : INFO : root : created employee : Tanvir Chowdhury - tanvir.chowdhury@gmail.com
py_logging.py : INFO : root : created employee : Tanim Chowdhury - tanim.chowdhury@gmail.com
py_logging.py : __init__ : INFO : root : created employee : Tanvir Chowdhury - tanvir.chowdhury@gmail.com
py_logging.py : __init__ : INFO : root : created employee : Tanim Chowdhury - tanim.chowdhury@gmail.com
py_logging.py : __init__ : MainThread : INFO : root : created employee : Tanvir Chowdhury - tanvir.chowdhury@gmail.com
py_logging.py : __init__ : MainThread : INFO : root : created employee : Tanim Chowdhury - tanim.chowdhury@gmail.com
py_logging.py : __init__ : MainThread : INFO : __main__ : created employee : Tanvir Chowdhury - tanvir.chowdhury@gmail.com
py_logging.py : __init__ : MainThread : INFO : __main__ : created employee : Tanim Chowdhury - tanim.chowdhury@gmail.com
py_logging.py : __init__ : MainThread : INFO : __main__ : created employee : Tanvir Chowdhury - tanvir.chowdhury@gmail.com
py_logging.py : __init__ : MainThread : INFO : __main__ : created employee : Tanim Chowdhury - tanim.chowdhury@gmail.com
py_logging.py : __init__ : MainThread : INFO : __main__ : created employee : Tanvir Chowdhury - tanvir.chowdhury@gmail.com
py_logging.py : __init__ : MainThread : INFO : __main__ : created employee : Tanim Chowdhury - tanim.chowdhury@gmail.com
py_logging.py : __init__ : MainThread : INFO : __main__ : created employee : Tanvir Chowdhury - tanvir.chowdhury@gmail.com
py_logging.py : __init__ : MainThread : INFO : __main__ : created employee : Tanim Chowdhury - tanim.chowdhury@gmail.com
py_logging.py : __init__ : MainThread : INFO : __main__ : created employee : Tanvir Chowdhury - tanvir.chowdhury@gmail.com
py_logging.py : __init__ : MainThread : INFO : __main__ : created employee : Tanim Chowdhury - tanim.chowdhury@gmail.com
py_logging.py : __init__ : MainThread : INFO : __main__ : created employee : Tanvir Chowdhury - tanvir.chowdhury@gmail.com
py_logging.py : __init__ : MainThread : INFO : __main__ : created employee : Tanim Chowdhury - tanim.chowdhury@gmail.com
py_logging.py : __init__ : MainThread : INFO : __main__ : created employee : Tanvir Chowdhury - tanvir.chowdhury@gmail.com
py_logging.py : __init__ : MainThread : INFO : __main__ : created employee : Tanim Chowdhury - tanim.chowdhury@gmail.com
py_logging.py : __init__ : MainThread : INFO : __main__ : created employee : Tanvir Chowdhury - tanvir.chowdhury@gmail.com
py_logging.py : __init__ : MainThread : INFO : __main__ : created employee : Tanim Chowdhury - tanim.chowdhury@gmail.com
py_logging.py : __init__ : MainThread : INFO : __main__ : created employee : Tanvir Chowdhury - tanvir.chowdhury@gmail.com
py_logging.py : __init__ : MainThread : INFO : __main__ : created employee : Tanim Chowdhury - tanim.chowdhury@gmail.com
